<?xml version="1.0" encoding="UTF-8"?>
<!-- Generated by org.testng.reporters.JUnitXMLReporter -->
<testsuite ignored="0" hostname="DESKTOP-B98LR7Q" failures="1" tests="3" name="Google Tests" time="18.254" errors="0" timestamp="2026-03-29T19:45:28 IST">
  <testcase classname="tests.GoogleSearchTest" name="failingTest" time="1.228">
    <failure type="java.lang.RuntimeException" message="Intentional Failure">
      <![CDATA[java.lang.RuntimeException: Intentional Failure
at tests.GoogleSearchTest.failingTest(GoogleSearchTest.java:40)
at java.base/java.util.ArrayList.forEach(ArrayList.java:1596)
... Removed 25 stack frames]]>
    </failure>
  </testcase> <!-- failingTest -->
  <testcase classname="tests.GoogleSearchTest" name="searchTest" time="6.017"/>
  <testcase classname="tests.GoogleSearchTest" name="skippedTest" time="6.491">
    <skipped/>
  </testcase> <!-- skippedTest -->
</testsuite> <!-- Google Tests -->
