<?xml version="1.0" encoding="UTF-8"?>
<testng-results ignored="0" total="1" passed="1" failed="0" skipped="0">
  <reporter-output>
  </reporter-output>
  <suite started-at="2026-03-26T20:05:02 IST" name="Default suite" finished-at="2026-03-26T20:05:07 IST" duration-ms="4792">
    <groups>
    </groups>
    <test started-at="2026-03-26T20:05:02 IST" name="Default test" finished-at="2026-03-26T20:05:07 IST" duration-ms="4792">
      <class name="tests.LoginTest">
        <test-method is-config="true" signature="setupReport()[pri:0, instance:tests.LoginTest@40a4337a]" started-at="2026-03-26T20:05:02 IST" name="setupReport" finished-at="2026-03-26T20:05:02 IST" duration-ms="209" status="PASS">
          <reporter-output>
          </reporter-output>
        </test-method> <!-- setupReport -->
        <test-method is-config="true" signature="setUp()[pri:0, instance:tests.LoginTest@40a4337a]" started-at="2026-03-26T20:05:02 IST" name="setUp" finished-at="2026-03-26T20:05:05 IST" duration-ms="2882" status="PASS">
          <reporter-output>
          </reporter-output>
        </test-method> <!-- setUp -->
        <test-method signature="testValidLogin()[pri:0, instance:tests.LoginTest@40a4337a]" started-at="2026-03-26T20:05:05 IST" name="testValidLogin" finished-at="2026-03-26T20:05:07 IST" duration-ms="1532" status="PASS">
          <reporter-output>
          </reporter-output>
        </test-method> <!-- testValidLogin -->
        <test-method is-config="true" signature="tearDown(org.testng.ITestResult)[pri:0, instance:tests.LoginTest@40a4337a]" started-at="2026-03-26T20:05:07 IST" name="tearDown" finished-at="2026-03-26T20:05:07 IST" duration-ms="348" status="PASS">
          <params>
            <param index="0">
              <value>
                <![CDATA[[TestResult name=testValidLogin status=SUCCESS method=LoginTest.testValidLogin()[pri:0, instance:tests.LoginTest@40a4337a] output={null}]]]>
              </value>
            </param>
          </params>
          <reporter-output>
          </reporter-output>
        </test-method> <!-- tearDown -->
        <test-method is-config="true" signature="tearDownReport()[pri:0, instance:tests.LoginTest@40a4337a]" started-at="2026-03-26T20:05:07 IST" name="tearDownReport" finished-at="2026-03-26T20:05:13 IST" duration-ms="5915" status="PASS">
          <reporter-output>
          </reporter-output>
        </test-method> <!-- tearDownReport -->
      </class> <!-- tests.LoginTest -->
    </test> <!-- Default test -->
  </suite> <!-- Default suite -->
</testng-results>
